<?xml version="1.0" encoding="UTF-8"?>
<testng-results ignored="0" total="1" passed="1" failed="0" skipped="0">
  <reporter-output>
  </reporter-output>
  <suite started-at="2022-11-05T13:30:19 IST" name="Default suite" finished-at="2022-11-05T13:30:33 IST" duration-ms="13826">
    <groups>
    </groups>
    <test started-at="2022-11-05T13:30:19 IST" name="Default test" finished-at="2022-11-05T13:30:33 IST" duration-ms="13826">
      <class name="com.timetracking.actitime.automation.basicTestScript.CreateProducts">
        <test-method signature="createProductsAndVerifyProductName()[pri:0, instance:com.timetracking.actitime.automation.basicTestScript.CreateProducts@5f683daf]" started-at="2022-11-05T13:30:19 IST" name="createProductsAndVerifyProductName" finished-at="2022-11-05T13:30:33 IST" duration-ms="13794" status="PASS">
          <reporter-output>
          </reporter-output>
        </test-method> <!-- createProductsAndVerifyProductName -->
      </class> <!-- com.timetracking.actitime.automation.basicTestScript.CreateProducts -->
    </test> <!-- Default test -->
  </suite> <!-- Default suite -->
</testng-results>
